<?xml version="1.0" encoding="UTF-8"?>
<!-- Generated by org.testng.reporters.JUnitReportReporter -->
<testsuite skipped="0" hostname="G3G52VP2E" name="com.dgsl.restapi.tests.PostAPITest" tests="1" failures="0" timestamp="2020-10-03T17:33:13 IST" time="1.096" errors="0">
  <testcase name="postAPITestWithHeader" time="1.096" classname="com.dgsl.restapi.tests.PostAPITest"/>
  <system-out/>
</testsuite> <!-- com.dgsl.restapi.tests.PostAPITest -->
